<?xml version="1.0" encoding="UTF-8"?>
<!-- Generated by org.testng.reporters.JUnitReportReporter -->
<testsuite skipped="0" hostname="zhaoxia-PC" name="testPackage.TestClass" tests="2" failures="0" timestamp="03 May 2018 10:29:13 GMT" time="51.713" errors="0">
  <testcase name="NoPrice" time="17.617" classname="testPackage.TestClass"/>
  <testcase name="GetEMI1" time="34.096" classname="testPackage.TestClass"/>
</testsuite> <!-- testPackage.TestClass -->
