<?xml version="1.0" encoding="UTF-8"?>
<!-- Generated by org.testng.reporters.JUnitReportReporter -->
<testsuite skipped="1" hostname="zhaoxia-PC" name="testPackage.TestClass" tests="2" failures="0" timestamp="04 May 2018 02:43:31 GMT" time="22.219" errors="0">
  <testcase name="NoPrice" time="22.219" classname="testPackage.TestClass"/>
  <testcase name="GetEMI1" classname="testPackage.TestClass">
    <skipped/>
  </testcase> <!-- GetEMI1 -->
</testsuite> <!-- testPackage.TestClass -->
