<?xml version="1.0" encoding="UTF-8"?>
<!-- Generated by org.testng.reporters.JUnitReportReporter -->
<testsuite skipped="0" hostname="zhaoxia-PC" name="testPackage.TestClass" tests="1" failures="0" timestamp="03 May 2018 03:41:08 GMT" time="20.754" errors="0">
  <testcase name="NoPrice" time="20.754" classname="testPackage.TestClass"/>
</testsuite> <!-- testPackage.TestClass -->
